<?xml version="1.0" encoding="UTF-8"?>
<!-- Generated by org.testng.reporters.JUnitReportReporter -->
<testsuite hostname="DESKTOP-KFN922T" failures="0" tests="2" name="com.SwagLabs.Tests.InventoryTest" time="20.998" errors="0" timestamp="2023-07-29T19:52:02 IST" skipped="0">
  <testcase classname="com.SwagLabs.Tests.InventoryTest" name="verifyProductList" time="20.724"/>
  <system-out/>
  <testcase classname="com.SwagLabs.Tests.InventoryTest" name="verifyAddPrToCart" time="0.274"/>
  <system-out/>
</testsuite> <!-- com.SwagLabs.Tests.InventoryTest -->
