<?xml version="1.0" encoding="UTF-8"?>
<!-- Generated by org.testng.reporters.JUnitReportReporter -->
<testsuite hostname="DESKTOP-KFN922T" failures="0" tests="2" name="com.SwagLabs.Tests.CheckoutTest" time="0.794" errors="0" timestamp="2023-07-29T20:27:01 IST" skipped="0">
  <testcase classname="com.SwagLabs.Tests.CheckoutTest" name="verifyCheckout" time="0.112"/>
  <system-out/>
  <testcase classname="com.SwagLabs.Tests.CheckoutTest" name="verifyEnterData" time="0.682"/>
  <system-out/>
</testsuite> <!-- com.SwagLabs.Tests.CheckoutTest -->
