<?xml version="1.0" encoding="UTF-8"?>
<!-- Generated by org.testng.reporters.JUnitReportReporter -->
<testsuite hostname="DESKTOP-KFN922T" failures="0" tests="1" name="com.SwagLabs.Tests.SummaryTest" time="0.252" errors="0" timestamp="2023-07-29T22:38:17 IST" skipped="0">
  <testcase classname="com.SwagLabs.Tests.SummaryTest" name="verifySummaryAndHeading" time="0.252"/>
  <system-out/>
</testsuite> <!-- com.SwagLabs.Tests.SummaryTest -->
