<?xml version="1.0" encoding="UTF-8"?>
<!-- Generated by org.testng.reporters.JUnitReportReporter -->
<testsuite hostname="DESKTOP-KFN922T" failures="0" tests="1" name="com.SwagLabs.Tests.addtoCartTest" time="0.126" errors="0" timestamp="2023-07-29T19:59:40 IST" skipped="0">
  <testcase classname="com.SwagLabs.Tests.addtoCartTest" name="verifyAddtoCart" time="0.126"/>
  <system-out/>
</testsuite> <!-- com.SwagLabs.Tests.addtoCartTest -->
